<?xml version="1.0" encoding="UTF-8"?>
<!-- Generated by org.testng.reporters.JUnitReportReporter -->
<testsuite hostname="LOITL-SE16" failures="0" tests="2" name="Pack.GuruLoginTest" time="49.503" errors="0" timestamp="2023-11-13T09:59:45 IST" skipped="0">
  <testcase classname="Pack.GuruLoginTest" name="testLogin1" time="0.002"/>
  <system-out/>
  <testcase classname="Pack.GuruLoginTest" name="testLogin" time="49.501"/>
  <system-out/>
</testsuite> <!-- Pack.GuruLoginTest -->
